Mon, 22 Nov 2010 14:48:01 +0100 - ERROR: (2) No controller basename set [Controller->setNames]
Mon, 22 Nov 2010 15:36:30 +0100 - ERROR: (2) No controller basename set [Controller->setNames]
Mon, 22 Nov 2010 16:06:41 +0100 - ERROR: (2) No controller basename set [Controller->setNames]
Mon, 22 Nov 2010 16:59:36 +0100 - ERROR: (?) Failed query: insert into dev_choices_keysteps (res_keystep_id, created) values (9, CURRENT_TIMESTAMP) (1364: Field 'project_id' doesn't have a default value) [Model:ChoiceKeystep]
Mon, 22 Nov 2010 17:18:54 +0100 - ERROR: (2) No controller basename set [Controller->setNames]
Mon, 22 Nov 2010 17:23:40 +0100 - ERROR: (2) No controller basename set [Controller->setNames]
Mon, 22 Nov 2010 17:52:31 +0100 - ERROR: (2) No controller basename set [Controller->setNames]
Mon, 22 Nov 2010 17:52:41 +0100 - ERROR: (2) No controller basename set [Controller->setNames]
Mon, 22 Nov 2010 17:59:25 +0100 - ERROR: (2) No controller basename set [Controller->setNames]
Mon, 22 Nov 2010 17:59:50 +0100 - ERROR: (2) No controller basename set [Controller->setNames]
Mon, 22 Nov 2010 17:59:52 +0100 - ERROR: (2) No controller basename set [Controller->setNames]
Mon, 22 Nov 2010 18:03:54 +0100 - ERROR: (2) No controller basename set [Controller->setNames]
Mon, 22 Nov 2010 18:06:00 +0100 - ERROR: (2) No controller basename set [Controller->setNames]
Mon, 22 Nov 2010 18:06:54 +0100 - ERROR: (2) No controller basename set [Controller->setNames]
Mon, 22 Nov 2010 18:07:05 +0100 - ERROR: (2) No controller basename set [Controller->setNames]
Tue, 23 Nov 2010 11:38:08 +0100 - ERROR: (2) No controller basename set [Controller->setNames]
Tue, 23 Nov 2010 11:40:31 +0100 - ERROR: (2) No controller basename set [Controller->setNames]
Tue, 23 Nov 2010 11:41:30 +0100 - ERROR: (2) No controller basename set [Controller->setNames]
Tue, 23 Nov 2010 15:03:06 +0100 - ERROR: (?) Failed query: insert into dev_choices_keysteps (res_keystep_id, created) values (4, CURRENT_TIMESTAMP) (1364: Field 'project_id' doesn't have a default value) [Model:ChoiceKeystep]
Tue, 23 Nov 2010 15:12:01 +0100 - ERROR: (2) No controller basename set [Controller->setNames]
Tue, 23 Nov 2010 15:12:07 +0100 - ERROR: (2) No controller basename set [Controller->setNames]
Tue, 23 Nov 2010 15:12:11 +0100 - ERROR: (2) No controller basename set [Controller->setNames]
Tue, 23 Nov 2010 15:57:35 +0100 - ERROR: (2) No controller basename set [Controller->setNames]
Tue, 23 Nov 2010 16:46:12 +0100 - ERROR: (?) Failed query: insert into dev_choices_keysteps (res_keystep_id, created) values (12, CURRENT_TIMESTAMP) (1364: Field 'project_id' doesn't have a default value) [Model:ChoiceKeystep]
Tue, 23 Nov 2010 17:33:55 +0100 - ERROR: (2) No controller basename set [Controller->setNames]
Tue, 23 Nov 2010 17:33:59 +0100 - ERROR: (2) No controller basename set [Controller->setNames]
Wed, 24 Nov 2010 10:09:21 +0100 - ERROR: (2) No controller basename set [Controller->setNames]
Wed, 24 Nov 2010 10:10:38 +0100 - ERROR: (2) Failed query: insert into dev_heartbeats (project_id, user_id, app, ctrllr, view, params, last_change, created) values (2, 2, 'admin', 'species', 'taxon', 'a:1:{i:0;a:2:{i:0;s:8:\"taxon_id\";i:1;s:2:\"56\";}}', CURRENT_TIMESTAMP, CURRENT_TIMESTAMP) (1062: Duplicate entry '2-2-admin-species-taxon' for key 'project_id') [Model:Heartbeat]
Wed, 24 Nov 2010 10:19:36 +0100 - ERROR: (2) No controller basename set [Controller->setNames]
Wed, 24 Nov 2010 10:22:04 +0100 - ERROR: (2) No controller basename set [Controller->setNames]
Wed, 24 Nov 2010 10:23:11 +0100 - ERROR: (2) Failed query: insert into dev_heartbeats (project_id, user_id, app, ctrllr, view, params, last_change, created) values (2, 2, 'admin', 'species', 'taxon', 'a:1:{i:0;a:2:{i:0;s:8:\"taxon_id\";i:1;s:2:\"56\";}}', CURRENT_TIMESTAMP, CURRENT_TIMESTAMP) (1062: Duplicate entry '2-2-admin-species-taxon' for key 'project_id') [Model:Heartbeat]
Wed, 24 Nov 2010 10:25:11 +0100 - ERROR: (2) Failed query: insert into dev_heartbeats (project_id, user_id, app, ctrllr, view, params, last_change, created) values (2, 2, 'admin', 'species', 'taxon', 'a:1:{i:0;a:2:{i:0;s:8:\"taxon_id\";i:1;s:2:\"56\";}}', CURRENT_TIMESTAMP, CURRENT_TIMESTAMP) (1062: Duplicate entry '2-2-admin-species-taxon' for key 'project_id') [Model:Heartbeat]
Wed, 24 Nov 2010 10:27:11 +0100 - ERROR: (2) Failed query: insert into dev_heartbeats (project_id, user_id, app, ctrllr, view, params, last_change, created) values (2, 2, 'admin', 'species', 'taxon', 'a:1:{i:0;a:2:{i:0;s:8:\"taxon_id\";i:1;s:2:\"56\";}}', CURRENT_TIMESTAMP, CURRENT_TIMESTAMP) (1062: Duplicate entry '2-2-admin-species-taxon' for key 'project_id') [Model:Heartbeat]
Wed, 24 Nov 2010 10:29:09 +0100 - ERROR: (2) No controller basename set [Controller->setNames]
Wed, 24 Nov 2010 12:23:17 +0100 - ERROR: (2) No controller basename set [Controller->setNames]
Wed, 24 Nov 2010 12:28:46 +0100 - ERROR: (1) No controller basename set [Controller->setNames]
Wed, 24 Nov 2010 12:47:54 +0100 - ERROR: (?) Failed query: false (1064: You have an error in your SQL syntax; check the manual that corresponds to your MySQL server version for the right syntax to use near 'false' at line 1) [Model:Language]
Wed, 24 Nov 2010 12:48:22 +0100 - ERROR: (?) Failed query: false (1064: You have an error in your SQL syntax; check the manual that corresponds to your MySQL server version for the right syntax to use near 'false' at line 1) [Model:Language]
Wed, 24 Nov 2010 12:49:04 +0100 - ERROR: (?) Failed query: false (1064: You have an error in your SQL syntax; check the manual that corresponds to your MySQL server version for the right syntax to use near 'false' at line 1) [Model:Language]
Wed, 24 Nov 2010 12:49:06 +0100 - ERROR: (?) Failed query: false (1064: You have an error in your SQL syntax; check the manual that corresponds to your MySQL server version for the right syntax to use near 'false' at line 1) [Model:Language]
Wed, 24 Nov 2010 12:49:08 +0100 - ERROR: (?) Failed query: false (1064: You have an error in your SQL syntax; check the manual that corresponds to your MySQL server version for the right syntax to use near 'false' at line 1) [Model:Language]
Wed, 24 Nov 2010 12:49:09 +0100 - ERROR: (?) Failed query: false (1064: You have an error in your SQL syntax; check the manual that corresponds to your MySQL server version for the right syntax to use near 'false' at line 1) [Model:Language]
Wed, 24 Nov 2010 12:49:12 +0100 - ERROR: (?) Failed query: false (1064: You have an error in your SQL syntax; check the manual that corresponds to your MySQL server version for the right syntax to use near 'false' at line 1) [Model:Language]
Wed, 24 Nov 2010 12:52:03 +0100 - ERROR: (?) Failed query: false (1064: You have an error in your SQL syntax; check the manual that corresponds to your MySQL server version for the right syntax to use near 'false' at line 1) [Model:Language]
Wed, 24 Nov 2010 14:32:43 +0100 - ERROR: (2) No controller basename set [Controller->setNames]
